
/home/runner/work/exp-bernoullis-equation-iitb/exp-bernoullis-equation-iitb/experiment/simulation/common_libraries/js/ts_components/collapse_step.js
   1:10  warning  'show_step' is defined but never used                 no-unused-vars
   2:5   warning  '$' is not defined                                    no-undef
   3:9   warning  '$' is not defined                                    no-undef
   6:10  warning  'hide_step' is defined but never used                 no-unused-vars
   7:5   warning  '$' is not defined                                    no-undef
   8:9   warning  '$' is not defined                                    no-undef
  11:10  warning  'get_collapse_btn_text' is defined but never used     no-unused-vars
  20:10  warning  'get_collapse_btn_element' is defined but never used  no-unused-vars
  29:10  warning  'hide_all_steps' is defined but never used            no-unused-vars
  31:9   warning  '$' is not defined                                    no-undef

/home/runner/work/exp-bernoullis-equation-iitb/exp-bernoullis-equation-iitb/experiment/simulation/common_libraries/js/ts_components/matrix.js
   27:26  warning  'MathJax' is not defined                                no-undef
   32:7   warning  'Matrix_Without_String' is defined but never used       no-unused-vars
   52:26  warning  'MathJax' is not defined                                no-undef
   56:10  warning  'get_matrix_html' is defined but never used             no-unused-vars
   87:13  warning  'row_html' is assigned a value but never used           no-unused-vars
   99:10  warning  'get_matrix_html_with_title' is defined but never used  no-unused-vars
  131:13  warning  'row_html' is assigned a value but never used           no-unused-vars
  143:10  warning  'convert_2d_to_1d_vector' is defined but never used     no-unused-vars
  156:10  warning  'convert_1d_to_2d_matrix' is defined but never used     no-unused-vars

/home/runner/work/exp-bernoullis-equation-iitb/exp-bernoullis-equation-iitb/experiment/simulation/common_libraries/js/ts_components/pannel.js
  8:7  warning  'Pannel' is defined but never used  no-unused-vars

/home/runner/work/exp-bernoullis-equation-iitb/exp-bernoullis-equation-iitb/experiment/simulation/common_libraries/js/ts_components/questions.js
   6:17  warning  'op1' is assigned a value but never used      no-unused-vars
   7:17  warning  'op2' is assigned a value but never used      no-unused-vars
   8:17  warning  'op3' is assigned a value but never used      no-unused-vars
   9:17  warning  'op4' is assigned a value but never used      no-unused-vars
  94:7   warning  'Question_Options' is defined but never used  no-unused-vars

/home/runner/work/exp-bernoullis-equation-iitb/exp-bernoullis-equation-iitb/experiment/simulation/common_libraries/js/ts_components/tables.js
   19:22  warning  'verify_values' is not defined                                     no-undef
  137:22  warning  'verify_values' is not defined                                     no-undef
  260:7   warning  'Verify_Rows_Cols_6_decimal_places' is defined but never used      no-unused-vars
  311:22  warning  'verify_values' is not defined                                     no-undef
  416:7   warning  'Verify_Rows_Cols_Custom_Fixed_Update1' is defined but never used  no-unused-vars
  468:7   warning  'Show_Table_Custom_Fixed' is defined but never used                no-unused-vars
  506:7   warning  'Verify_Rows_Cols_Strings' is defined but never used               no-unused-vars
  527:22  warning  'verify_values' is not defined                                     no-undef
  663:7   warning  'Display_Table' is defined but never used                          no-unused-vars

/home/runner/work/exp-bernoullis-equation-iitb/exp-bernoullis-equation-iitb/experiment/simulation/common_libraries/js/ts_math_library/general_math_functions.js
    1:10  warning  'verify_values' is defined but never used                   no-unused-vars
   17:10  warning  'random1' is defined but never used                         no-unused-vars
   21:10  warning  'std_deviation' is defined but never used                   no-unused-vars
   26:10  warning  'gauss' is defined but never used                           no-unused-vars
   56:10  warning  'hide_panel' is defined but never used                      no-unused-vars
   63:10  warning  'inverse_matrix' is defined but never used                  no-unused-vars
   96:10  warning  'matrix_multiplication' is defined but never used           no-unused-vars
  113:10  warning  'transpose_matrix' is defined but never used                no-unused-vars
  123:10  warning  'matrix_multiplication_8decimal' is defined but never used  no-unused-vars
  140:10  warning  'adjoint_2x2_matrix' is defined but never used              no-unused-vars
  145:10  warning  'find_deteminant' is defined but never used                 no-unused-vars
  174:10  warning  'get_Submatrix' is defined but never used                   no-unused-vars

/home/runner/work/exp-bernoullis-equation-iitb/exp-bernoullis-equation-iitb/experiment/simulation/common_libraries/js/ts_math_library/regression.js
   1:10  warning  'regression_linear' is defined but never used            no-unused-vars
  18:10  warning  'regression_linear_1variable' is defined but never used  no-unused-vars
  27:10  warning  'regression_linear_2variable' is defined but never used  no-unused-vars
  52:11  warning  'gauss' is not defined                                   no-undef

/home/runner/work/exp-bernoullis-equation-iitb/exp-bernoullis-equation-iitb/experiment/simulation/common_libraries/math.ob.js
  1:745  warning  'b' is already defined  no-redeclare

/home/runner/work/exp-bernoullis-equation-iitb/exp-bernoullis-equation-iitb/experiment/simulation/js/activity1.js
   14:9    warning  'MathJax' is not defined                    no-undef
   19:5    warning  'd_a1' is not defined                       no-undef
   19:12   warning  'random1' is not defined                    no-undef
   20:5    warning  'p_a1' is not defined                       no-undef
   20:12   warning  'random1' is not defined                    no-undef
   21:5    warning  'v_a1' is not defined                       no-undef
   21:23   warning  'random' is not defined                     no-undef
   22:5    warning  'ph_a1' is not defined                      no-undef
   22:26   warning  'p_a1' is not defined                       no-undef
   22:60   warning  'g' is not defined                          no-undef
   23:5    warning  'kh_a1' is not defined                      no-undef
   23:34   warning  'v_a1' is not defined                       no-undef
   23:50   warning  'g' is not defined                          no-undef
   24:5    warning  'th_a1' is not defined                      no-undef
   24:25   warning  'ph_a1' is not defined                      no-undef
   24:33   warning  'kh_a1' is not defined                      no-undef
   25:17   warning  'd_a1' is not defined                       no-undef
   26:17   warning  'p_a1' is not defined                       no-undef
   27:17   warning  'v_a1' is not defined                       no-undef
   29:10   warning  'start_act1' is defined but never used      no-unused-vars
   32:20   warning  'get_collapse_btn_text' is not defined      no-undef
   42:29   warning  'd_a1' is not defined                       no-undef
   42:57   warning  'p_a1' is not defined                       no-undef
   42:100  warning  'v_a1' is not defined                       no-undef
   52:49   warning  Unnecessary escape character: \ρ            no-useless-escape
   65:9    warning  'MathJax' is not defined                    no-undef
   67:5    warning  'hide_all_steps' is not defined             no-undef
   69:9    warning  'show_step' is not defined                  no-undef
   72:10   warning  'verify_ph_a1' is defined but never used    no-unused-vars
   74:17   warning  'ph_a1' is not defined                      no-undef
   75:10   warning  'verify_values' is not defined              no-undef
   75:47   warning  'ph_a1' is not defined                      no-undef
   90:43   warning  Unnecessary escape character: \ρ            no-useless-escape
   90:52   warning  'ph_a1' is not defined                      no-undef
   98:9    warning  'MathJax' is not defined                    no-undef
  101:10   warning  'load_kh_div_a1' is defined but never used  no-unused-vars
  126:9    warning  'MathJax' is not defined                    no-undef
  129:10   warning  'verify_kh_a1' is defined but never used    no-unused-vars
  131:17   warning  'kh_a1' is not defined                      no-undef
  132:10   warning  'verify_values' is not defined              no-undef
  132:47   warning  'kh_a1' is not defined                      no-undef
  147:48   warning  'kh_a1' is not defined                      no-undef
  154:9    warning  'MathJax' is not defined                    no-undef
  157:10   warning  'load_th_div_a1' is defined but never used  no-unused-vars
  170:42   warning  Unnecessary escape character: \ρ            no-useless-escape
  182:9    warning  'MathJax' is not defined                    no-undef
  185:10   warning  'verify_th_a1' is defined but never used    no-unused-vars
  187:17   warning  'th_a1' is not defined                      no-undef
  188:10   warning  'verify_values' is not defined              no-undef
  188:47   warning  'th_a1' is not defined                      no-undef
  203:39   warning  Unnecessary escape character: \ρ            no-useless-escape
  203:66   warning  'th_a1' is not defined                      no-undef
  210:9    warning  'MathJax' is not defined                    no-undef

/home/runner/work/exp-bernoullis-equation-iitb/exp-bernoullis-equation-iitb/experiment/simulation/js/activity2.js
    1:10   warning  'activity2' is defined but never used        no-unused-vars
    5:20   warning  'get_collapse_btn_text' is not defined       no-undef
    6:5    warning  'maindiv' is not defined                     no-undef
   12:31   warning  'd1' is not defined                          no-undef
   12:43   warning  'd2' is not defined                          no-undef
   14:50   warning  'v1' is not defined                          no-undef
   14:85   warning  'p1' is not defined                          no-undef
   29:32   warning  Unnecessary escape character: \π             no-useless-escape
   39:32   warning  Unnecessary escape character: \π             no-useless-escape
   52:9    warning  'MathJax' is not defined                     no-undef
   54:5    warning  'hide_all_steps' is not defined              no-undef
   56:9    warning  'show_step' is not defined                   no-undef
   60:5    warning  'd1' is not defined                          no-undef
   60:10   warning  'random1' is not defined                     no-undef
   61:5    warning  'd2' is not defined                          no-undef
   61:10   warning  'random1' is not defined                     no-undef
   62:5    warning  'v1' is not defined                          no-undef
   62:10   warning  'random1' is not defined                     no-undef
   63:5    warning  'p1' is not defined                          no-undef
   63:10   warning  'random1' is not defined                     no-undef
   64:5    warning  'A1' is not defined                          no-undef
   64:48   warning  'd1' is not defined                          no-undef
   65:5    warning  'A2' is not defined                          no-undef
   65:48   warning  'd2' is not defined                          no-undef
   66:5    warning  'v2' is not defined                          no-undef
   66:23   warning  'A1' is not defined                          no-undef
   66:28   warning  'v1' is not defined                          no-undef
   66:34   warning  'A2' is not defined                          no-undef
   67:5    warning  'vh1' is not defined                         no-undef
   67:32   warning  'v1' is not defined                          no-undef
   67:46   warning  'g' is not defined                           no-undef
   68:5    warning  'vh2' is not defined                         no-undef
   68:32   warning  'v2' is not defined                          no-undef
   68:46   warning  'g' is not defined                           no-undef
   70:16   warning  'p1' is not defined                          no-undef
   71:5    warning  'p2_m_a2' is not defined                     no-undef
   71:43   warning  'g' is not defined                           no-undef
   71:48   warning  'vh1' is not defined                         no-undef
   71:54   warning  'vh2' is not defined                         no-undef
   71:68   warning  'g' is not defined                           no-undef
   72:5    warning  'p2_cm_a2' is not defined                    no-undef
   72:28   warning  'p2_m_a2' is not defined                     no-undef
   73:17   warning  'p2_m_a2' is not defined                     no-undef
   74:17   warning  'p2_cm_a2' is not defined                    no-undef
   76:10   warning  'verify_area_a2' is defined but never used   no-unused-vars
   79:17   warning  'A1' is not defined                          no-undef
   79:21   warning  'A2' is not defined                          no-undef
   80:10   warning  'verify_values' is not defined               no-undef
   80:50   warning  'A1' is not defined                          no-undef
   89:10   warning  'verify_values' is not defined               no-undef
   89:50   warning  'A2' is not defined                          no-undef
  104:26   warning  Unnecessary escape character: \π             no-useless-escape
  104:42   warning  'A1' is not defined                          no-undef
  107:26   warning  Unnecessary escape character: \π             no-useless-escape
  107:42   warning  'A2' is not defined                          no-undef
  114:9    warning  'MathJax' is not defined                     no-undef
  117:10   warning  'load_v2_div_a2' is defined but never used   no-unused-vars
  135:16   warning  Unnecessary escape character: \∴             no-useless-escape
  147:9    warning  'MathJax' is not defined                     no-undef
  150:10   warning  'verify_v2_a2' is defined but never used     no-unused-vars
  152:17   warning  'v2' is not defined                          no-undef
  153:10   warning  'verify_values' is not defined               no-undef
  153:47   warning  'v2' is not defined                          no-undef
  168:13   warning  Unnecessary escape character: \∴             no-useless-escape
  168:46   warning  'v2' is not defined                          no-undef
  175:9    warning  'MathJax' is not defined                     no-undef
  178:10   warning  'load_vh1_div_a2' is defined but never used  no-unused-vars
  203:9    warning  'MathJax' is not defined                     no-undef
  206:10   warning  'verify_vh1_a2' is defined but never used    no-unused-vars
  208:17   warning  'vh1' is not defined                         no-undef
  209:10   warning  'verify_values' is not defined               no-undef
  209:47   warning  'vh1' is not defined                         no-undef
  224:35   warning  'vh1' is not defined                         no-undef
  231:9    warning  'MathJax' is not defined                     no-undef
  234:10   warning  'load_vh2_div_a2' is defined but never used  no-unused-vars
  259:9    warning  'MathJax' is not defined                     no-undef
  262:10   warning  'verify_vh2_a2' is defined but never used    no-unused-vars
  264:17   warning  'vh2' is not defined                         no-undef
  265:10   warning  'verify_values' is not defined               no-undef
  265:47   warning  'vh2' is not defined                         no-undef
  280:35   warning  'vh2' is not defined                         no-undef
  287:9    warning  'MathJax' is not defined                     no-undef
  290:10   warning  'load_p2_div_a2' is defined but never used   no-unused-vars
  301:22   warning  Unnecessary escape character: \ρ             no-useless-escape
  301:67   warning  Unnecessary escape character: \ρ             no-useless-escape
  305:10   warning  Unnecessary escape character: \∴             no-useless-escape
  305:25   warning  Unnecessary escape character: \ρ             no-useless-escape
  305:44   warning  Unnecessary escape character: \ρ             no-useless-escape
  312:16   warning  Unnecessary escape character: \∴             no-useless-escape
  312:44   warning  Unnecessary escape character: \ρ             no-useless-escape
  312:98   warning  Unnecessary escape character: \ρ             no-useless-escape
  322:16   warning  Unnecessary escape character: \∴             no-useless-escape
  322:44   warning  Unnecessary escape character: \ρ             no-useless-escape
  322:98   warning  Unnecessary escape character: \ρ             no-useless-escape
  334:9    warning  'MathJax' is not defined                     no-undef
  337:10   warning  'verify_p2_a2' is defined but never used     no-unused-vars
  340:17   warning  'p2_m_a2' is not defined                     no-undef
  340:26   warning  'p2_cm_a2' is not defined                    no-undef
  341:10   warning  'verify_values' is not defined               no-undef
  341:52   warning  'p2_m_a2' is not defined                     no-undef
  350:10   warning  'verify_values' is not defined               no-undef
  350:53   warning  'p2_cm_a2' is not defined                    no-undef
  365:13   warning  Unnecessary escape character: \∴             no-useless-escape
  365:41   warning  Unnecessary escape character: \ρ             no-useless-escape
  365:95   warning  Unnecessary escape character: \ρ             no-useless-escape
  365:103  warning  'p2_m_a2' is not defined                     no-undef
  368:13   warning  Unnecessary escape character: \∴             no-useless-escape
  368:41   warning  Unnecessary escape character: \ρ             no-useless-escape
  368:95   warning  Unnecessary escape character: \ρ             no-useless-escape
  368:103  warning  'p2_cm_a2' is not defined                    no-undef
  375:9    warning  'MathJax' is not defined                     no-undef

/home/runner/work/exp-bernoullis-equation-iitb/exp-bernoullis-equation-iitb/experiment/simulation/js/activity3.js
    1:10   warning  'activity3' is defined but never used        no-unused-vars
    6:20   warning  'get_collapse_btn_text' is not defined       no-undef
    7:5    warning  'maindiv' is not defined                     no-undef
   13:31   warning  'd1' is not defined                          no-undef
   13:43   warning  'd2' is not defined                          no-undef
   15:50   warning  'v1' is not defined                          no-undef
   15:85   warning  'p1' is not defined                          no-undef
   30:32   warning  Unnecessary escape character: \π             no-useless-escape
   40:32   warning  Unnecessary escape character: \π             no-useless-escape
   53:9    warning  'MathJax' is not defined                     no-undef
   55:5    warning  'hide_all_steps' is not defined              no-undef
   57:9    warning  'show_step' is not defined                   no-undef
   62:16   warning  'p1' is not defined                          no-undef
   63:5    warning  'p2_m_a3' is not defined                     no-undef
   63:43   warning  'g' is not defined                           no-undef
   63:48   warning  'vh1' is not defined                         no-undef
   63:54   warning  'vh2' is not defined                         no-undef
   63:72   warning  'g' is not defined                           no-undef
   64:5    warning  'p2_cm_a3' is not defined                    no-undef
   64:28   warning  'p2_m_a3' is not defined                     no-undef
   65:17   warning  'p2_m_a3' is not defined                     no-undef
   66:17   warning  'p2_cm_a3' is not defined                    no-undef
   68:10   warning  'verify_area_a3' is defined but never used   no-unused-vars
   71:17   warning  'A1' is not defined                          no-undef
   71:21   warning  'A2' is not defined                          no-undef
   72:10   warning  'verify_values' is not defined               no-undef
   72:50   warning  'A1' is not defined                          no-undef
   81:10   warning  'verify_values' is not defined               no-undef
   81:50   warning  'A2' is not defined                          no-undef
   96:26   warning  Unnecessary escape character: \π             no-useless-escape
   96:42   warning  'A1' is not defined                          no-undef
   99:26   warning  Unnecessary escape character: \π             no-useless-escape
   99:42   warning  'A2' is not defined                          no-undef
  106:9    warning  'MathJax' is not defined                     no-undef
  109:10   warning  'load_v2_div_a3' is defined but never used   no-unused-vars
  127:16   warning  Unnecessary escape character: \∴             no-useless-escape
  139:9    warning  'MathJax' is not defined                     no-undef
  142:10   warning  'verify_v2_a3' is defined but never used     no-unused-vars
  144:17   warning  'v2' is not defined                          no-undef
  145:10   warning  'verify_values' is not defined               no-undef
  145:47   warning  'v2' is not defined                          no-undef
  160:13   warning  Unnecessary escape character: \∴             no-useless-escape
  160:46   warning  'v2' is not defined                          no-undef
  167:9    warning  'MathJax' is not defined                     no-undef
  170:10   warning  'load_vh1_div_a3' is defined but never used  no-unused-vars
  195:9    warning  'MathJax' is not defined                     no-undef
  198:10   warning  'verify_vh1_a3' is defined but never used    no-unused-vars
  200:17   warning  'vh1' is not defined                         no-undef
  201:10   warning  'verify_values' is not defined               no-undef
  201:47   warning  'vh1' is not defined                         no-undef
  216:35   warning  'vh1' is not defined                         no-undef
  223:9    warning  'MathJax' is not defined                     no-undef
  226:10   warning  'load_vh2_div_a3' is defined but never used  no-unused-vars
  251:9    warning  'MathJax' is not defined                     no-undef
  254:10   warning  'verify_vh2_a3' is defined but never used    no-unused-vars
  256:17   warning  'vh2' is not defined                         no-undef
  257:10   warning  'verify_values' is not defined               no-undef
  257:47   warning  'vh2' is not defined                         no-undef
  272:35   warning  'vh2' is not defined                         no-undef
  279:9    warning  'MathJax' is not defined                     no-undef
  282:10   warning  'load_p2_div_a3' is defined but never used   no-unused-vars
  293:22   warning  Unnecessary escape character: \ρ             no-useless-escape
  293:67   warning  Unnecessary escape character: \ρ             no-useless-escape
  297:10   warning  Unnecessary escape character: \∴             no-useless-escape
  297:25   warning  Unnecessary escape character: \ρ             no-useless-escape
  297:44   warning  Unnecessary escape character: \ρ             no-useless-escape
  304:16   warning  Unnecessary escape character: \∴             no-useless-escape
  304:44   warning  Unnecessary escape character: \ρ             no-useless-escape
  304:111  warning  Unnecessary escape character: \ρ             no-useless-escape
  314:16   warning  Unnecessary escape character: \∴             no-useless-escape
  314:44   warning  Unnecessary escape character: \ρ             no-useless-escape
  314:111  warning  Unnecessary escape character: \ρ             no-useless-escape
  326:9    warning  'MathJax' is not defined                     no-undef
  329:10   warning  'verify_p2_a3' is defined but never used     no-unused-vars
  332:17   warning  'p2_m_a3' is not defined                     no-undef
  332:26   warning  'p2_cm_a3' is not defined                    no-undef
  333:10   warning  'verify_values' is not defined               no-undef
  333:52   warning  'p2_m_a3' is not defined                     no-undef
  342:10   warning  'verify_values' is not defined               no-undef
  342:53   warning  'p2_cm_a3' is not defined                    no-undef
  357:13   warning  Unnecessary escape character: \∴             no-useless-escape
  357:41   warning  Unnecessary escape character: \ρ             no-useless-escape
  357:109  warning  Unnecessary escape character: \ρ             no-useless-escape
  357:117  warning  'p2_m_a3' is not defined                     no-undef
  360:13   warning  Unnecessary escape character: \∴             no-useless-escape
  360:41   warning  Unnecessary escape character: \ρ             no-useless-escape
  360:109  warning  Unnecessary escape character: \ρ             no-useless-escape
  360:117  warning  'p2_cm_a3' is not defined                    no-undef
  367:9    warning  'MathJax' is not defined                     no-undef
  370:10   warning  'exp_complete' is defined but never used     no-unused-vars

/home/runner/work/exp-bernoullis-equation-iitb/exp-bernoullis-equation-iitb/experiment/simulation/js/data.js
   1:5  warning  'g' is assigned a value but never used     no-unused-vars
   3:5  warning  'd_a1' is assigned a value but never used  no-unused-vars
   4:5  warning  'v_a1' is assigned a value but never used  no-unused-vars
   5:5  warning  'p_a1' is assigned a value but never used  no-unused-vars
   6:5  warning  'ph_a1' is defined but never used          no-unused-vars
   7:5  warning  'kh_a1' is defined but never used          no-unused-vars
   8:5  warning  'th_a1' is defined but never used          no-unused-vars
  10:5  warning  'd1' is assigned a value but never used    no-unused-vars
  11:5  warning  'd2' is assigned a value but never used    no-unused-vars
  12:5  warning  'A1' is defined but never used             no-unused-vars
  13:5  warning  'A2' is defined but never used             no-unused-vars
  14:5  warning  'v1' is assigned a value but never used    no-unused-vars
  15:5  warning  'v2' is defined but never used             no-unused-vars
  16:5  warning  'vh1' is defined but never used            no-unused-vars
  17:5  warning  'vh2' is defined but never used            no-unused-vars
  18:5  warning  'p1' is assigned a value but never used    no-unused-vars
  20:5  warning  'p2_cm_a2' is defined but never used       no-unused-vars
  21:5  warning  'p2_m_a2' is defined but never used        no-unused-vars
  23:5  warning  'z' is assigned a value but never used     no-unused-vars
  24:5  warning  'p2_cm_a3' is defined but never used       no-unused-vars
  25:5  warning  'p2_m_a3' is defined but never used        no-unused-vars

/home/runner/work/exp-bernoullis-equation-iitb/exp-bernoullis-equation-iitb/experiment/simulation/js/screen_size.js
  1:10  warning  'set_screen_size' is defined but never used  no-unused-vars

✖ 327 problems (0 errors, 327 warnings)

